#
# There is insufficient memory for the Java Runtime Environment to continue.
# Native memory allocation (malloc) failed to allocate 1048576 bytes for AllocateHeap
# Possible reasons:
#   The system is out of physical RAM or swap space
#   In 32 bit mode, the process size limit was hit
# Possible solutions:
#   Reduce memory load on the system
#   Increase physical memory or swap space
#   Check if swap backing store is full
#   Use 64 bit Java on a 64 bit OS
#   Decrease Java heap size (-Xmx/-Xms)
#   Decrease number of Java threads
#   Decrease Java thread stack sizes (-Xss)
#   Set larger code cache with -XX:ReservedCodeCacheSize=
# This output file may be truncated or incomplete.
#
#  Out of Memory Error (memory/allocation.inline.hpp:61), pid=4516, tid=560
#
# JRE version:  (8.0_60-b27) (build )
# Java VM: Java HotSpot(TM) 64-Bit Server VM (25.60-b23 mixed mode windows-amd64 compressed oops)
# Failed to write core dump. Minidumps are not enabled by default on client versions of Windows
#

---------------  T H R E A D  ---------------

Current thread (0x00000000020e2800):  JavaThread "Unknown thread" [_thread_in_vm, id=560, stack(0x0000000001fe0000,0x00000000020e0000)]

Stack: [0x0000000001fe0000,0x00000000020e0000]
[error occurred during error reporting (printing stack bounds), id 0xc0000005]

Native frames: (J=compiled Java code, j=interpreted, Vv=VM code, C=native code)


---------------  P R O C E S S  ---------------

Java Threads: ( => current thread )

Other Threads:

=>0x00000000020e2800 (exited) JavaThread "Unknown thread" [_thread_in_vm, id=560, stack(0x0000000001fe0000,0x00000000020e0000)]

VM state:not at safepoint (normal execution)

VM Mutex/Monitor currently owned by a thread: None

Heap:
 PSYoungGen      total 18944K, used 327K [0x00000000eab00000, 0x00000000ec000000, 0x0000000100000000)
  eden space 16384K, 2% used [0x00000000eab00000,0x00000000eab51ec8,0x00000000ebb00000)
  from space 2560K, 0% used [0x00000000ebd80000,0x00000000ebd80000,0x00000000ec000000)
  to   space 2560K, 0% used [0x00000000ebb00000,0x00000000ebb00000,0x00000000ebd80000)
 ParOldGen       total 44032K, used 0K [0x00000000c0000000, 0x00000000c2b00000, 0x00000000eab00000)
  object space 44032K, 0% used [0x00000000c0000000,0x00000000c0000000,0x00000000c2b00000)
 Metaspace       used 767K, capacity 4480K, committed 4480K, reserved 1056768K
  class space    used 75K, capacity 384K, committed 384K, reserved 1048576K

Card table byte_map: [0x00000000115a0000,0x00000000117b0000] byte_map_base: 0x0000000010fa0000

Marking Bits: (ParMarkBitMap*) 0x000000006059a5b0
 Begin Bits: [0x0000000011b10000, 0x0000000012b10000)
 End Bits:   [0x0000000012b10000, 0x0000000013b10000)

Polling page: 0x0000000000400000

CodeCache: size=245760Kb used=327Kb max_used=327Kb free=245432Kb
 bounds [0x00000000021e0000, 0x0000000002450000, 0x00000000111e0000]
 total_blobs=56 nmethods=0 adapters=37
 compilation: enabled

Compilation events (0 events):
No events

GC Heap History (0 events):
No events

Deoptimization events (0 events):
No events

Internal exceptions (0 events):
No events

Events (10 events):
Event: 0.099 loading class java/lang/Short
Event: 0.099 loading class java/lang/Short done
Event: 0.099 loading class java/lang/Integer
Event: 0.100 loading class java/lang/Integer done
Event: 0.100 loading class java/lang/Long
Event: 0.103 loading class java/lang/Long done
Event: 0.104 loading class java/lang/NullPointerException
Event: 0.104 loading class java/lang/NullPointerException done
Event: 0.104 loading class java/lang/ArithmeticException
Event: 0.104 loading class java/lang/ArithmeticException done


Dynamic libraries:
0x00007ff75cb60000 - 0x00007ff75cb97000 	C:\Program Files\Java\jdk1.8.0_60\bin\java.exe
0x00007ffdc3bd0000 - 0x00007ffdc3d91000 	C:\Windows\SYSTEM32\ntdll.dll
0x00007ffdc1580000 - 0x00007ffdc162d000 	C:\Windows\system32\KERNEL32.DLL
0x00007ffdc1010000 - 0x00007ffdc11ed000 	C:\Windows\system32\KERNELBASE.dll
0x00007ffdc2260000 - 0x00007ffdc2306000 	C:\Windows\system32\ADVAPI32.dll
0x00007ffdc39d0000 - 0x00007ffdc3a6d000 	C:\Windows\system32\msvcrt.dll
0x00007ffdc17f0000 - 0x00007ffdc184b000 	C:\Windows\system32\sechost.dll
0x00007ffdc38a0000 - 0x00007ffdc39c6000 	C:\Windows\system32\RPCRT4.dll
0x00007ffdc1e60000 - 0x00007ffdc1fae000 	C:\Windows\system32\USER32.dll
0x00007ffdc1910000 - 0x00007ffdc1a96000 	C:\Windows\system32\GDI32.dll
0x00007ffdb3040000 - 0x00007ffdb32b4000 	C:\Windows\WinSxS\amd64_microsoft.windows.common-controls_6595b64144ccf1df_6.0.10240.16384_none_f41f7b285750ef43\COMCTL32.dll
0x00007ffdc3b90000 - 0x00007ffdc3bc6000 	C:\Windows\system32\IMM32.DLL
0x00007ffdc1ce0000 - 0x00007ffdc1e3c000 	C:\Windows\system32\MSCTF.dll
0x000000005f550000 - 0x000000005f622000 	C:\Program Files\Java\jdk1.8.0_60\jre\bin\msvcr100.dll
0x000000005fd90000 - 0x0000000060619000 	C:\Program Files\Java\jdk1.8.0_60\jre\bin\server\jvm.dll
0x00007ffdc1900000 - 0x00007ffdc1908000 	C:\Windows\system32\PSAPI.DLL
0x00007ffdbea50000 - 0x00007ffdbea59000 	C:\Windows\SYSTEM32\WSOCK32.dll
0x00007ffdbe8c0000 - 0x00007ffdbe8e3000 	C:\Windows\SYSTEM32\WINMM.dll
0x00007ffdbdf90000 - 0x00007ffdbdf9a000 	C:\Windows\SYSTEM32\VERSION.dll
0x00007ffdc1fb0000 - 0x00007ffdc2019000 	C:\Windows\system32\WS2_32.dll
0x00007ffdc17e0000 - 0x00007ffdc17e8000 	C:\Windows\system32\NSI.dll
0x0000000001fb0000 - 0x0000000001fdc000 	C:\Windows\SYSTEM32\WINMMBASE.dll
0x00007ffdc06a0000 - 0x00007ffdc06e4000 	C:\Windows\system32\cfgmgr32.dll
0x00007ffdbeed0000 - 0x00007ffdbeef7000 	C:\Windows\SYSTEM32\DEVOBJ.dll
0x0000000060cb0000 - 0x0000000060cbf000 	C:\Program Files\Java\jdk1.8.0_60\jre\bin\verify.dll
0x0000000060c80000 - 0x0000000060ca9000 	C:\Program Files\Java\jdk1.8.0_60\jre\bin\java.dll
0x0000000060c60000 - 0x0000000060c76000 	C:\Program Files\Java\jdk1.8.0_60\jre\bin\zip.dll

VM Arguments:
jvm_args: -Xmx1024M -Dfile.encoding=windows-1250 -Duser.country=US -Duser.language=en -Duser.variant 
java_command: com.android.dx.command.Main --dex --num-threads=4 --output F:\Files\BME\MSC\OnLab\App\LostnFound\app\build\intermediates\dex\debug F:\Files\BME\MSC\OnLab\App\LostnFound\app\build\intermediates\classes\debug F:\Files\BME\MSC\OnLab\App\LostnFound\app\build\intermediates\pre-dexed\debug\support-annotations-23.1.0-1c3b38691de38094ed6d8e7bae0b82899cff7280.jar F:\Files\BME\MSC\OnLab\App\LostnFound\app\build\intermediates\pre-dexed\debug\classes-badc165c751119b1dad656cf93c6e55218d894f2.jar F:\Files\BME\MSC\OnLab\App\LostnFound\app\build\intermediates\pre-dexed\debug\classes-7c0b18f060f70bfa3c879570a734470d63456a2c.jar F:\Files\BME\MSC\OnLab\App\LostnFound\app\build\intermediates\pre-dexed\debug\classes-705aadbde15fbbb5b9cf706041dcc3e9369a8f8e.jar F:\Files\BME\MSC\OnLab\App\LostnFound\app\build\intermediates\pre-dexed\debug\classes-2418928d2f0dcfd80e19c311939be58ea244cc13.jar F:\Files\BME\MSC\OnLab\App\LostnFound\app\build\intermediates\pre-dexed\debug\classes-569e51caee50fadd7355eb2871d4af30e7a19ba5.jar F:\Files\BME\MSC\OnLab\App\LostnFound\app\build\intermediates\pre-dexed\debug\classes-273eddda1e726f1f385ce3561b49ab3ce91fa3df.jar F:\Files\BME\MSC\OnLab\App\LostnFound\app\build\intermediates\pre-dexed\debug\classes-09863e1982a2d403aa8578cdc428d0d1b8bb5a6e.jar F:\Files\BME\MSC\OnLab\App\LostnFound\app\build\intermediates\pre-dexed\debug\classes-2e13dfb684eac1eb8900f58bc1e6f476c1eb59a4.jar F:\Files\BME\MSC\OnLab\App\LostnFound\app\build\intermediates\pre-dexed\debug\classes-e03bdeda6eb108eeb016ce2a0b5b88cfb9fb620e.jar F:\Files\BME\MSC\OnLab\App\LostnFound\app\build\intermediates\pre-dexed\debug\classes-45089eb6deeb047b53ee915a36c6e594f5d5043b.jar F:\Files\BME\MSC\OnLab\App\LostnFound\app\build\intermediates\pre-dexed\debug\classes-6472a6addf55897b46ac94b6152f9a55f2a2c3eb.jar F:\Files\BME\MSC\OnLab\App\LostnFound\app\build\intermediates\pre-dexed\debug\classes-5dbe13787c4f29712adfa959a699f3a598dc402f.jar F:\Files\BME\MSC\OnLab\App\LostnFound\app\build\interme
java_class_path (initial): C:\Users\Balazs\AppData\Local\Android\sdk\build-tools\23.0.1\lib\dx.jar
Launcher Type: SUN_STANDARD

Environment Variables:
JAVA_HOME=C:\Program Files\Java\jdk1.8.0_60
PATH=C:\ProgramData\Oracle\Java\javapath;C:\Windows\system32;C:\Windows;C:\Windows\System32\Wbem;C:\Windows\System32\WindowsPowerShell\v1.0\;C:\Program Files (x86)\ATI Technologies\ATI.ACE\Core-Static;C:\Program Files (x86)\GitExtensions\;C:\Program Files\Java\jre1.8.0_65\bin;C:\Program Files\apache-maven-3.3.3\bin
USERNAME=Balazs
OS=Windows_NT
PROCESSOR_IDENTIFIER=AMD64 Family 16 Model 6 Stepping 3, AuthenticAMD



---------------  S Y S T E M  ---------------

OS: Windows 10.0 , 64 bit Build 10240 (10.0.10240.16384)

CPU:total 2 (2 cores per cpu, 1 threads per core) family 16 model 6 stepping 3, cmov, cx8, fxsr, mmx, sse, sse2, sse3, popcnt, mmxext, 3dnowpref, lzcnt, tsc, tscinvbit, tscinv

Memory: 4k page, physical 4189076k(240020k free), swap 16771988k(5212k free)

vm_info: Java HotSpot(TM) 64-Bit Server VM (25.60-b23) for windows-amd64 JRE (1.8.0_60-b27), built on Aug  4 2015 11:06:27 by "java_re" with MS VC++ 10.0 (VS2010)

time: Sun Nov 15 15:27:13 2015
elapsed time: 0 seconds (0d 0h 0m 0s)

